2025-04-09 15:07:57.821269 - Received CBT.V508.FILE012.PDS from FILE012.XMI 
2025-04-09 15:07:57.835006 - Found $$$#DATE.txt (text/plain) in CBT.V508.FILE012.PDS, moved to PDS/$$$#DATE
2025-04-09 15:07:57.835699 - Found $DOC.txt (text/plain) in CBT.V508.FILE012.PDS, moved to PDS/$DOC
2025-04-09 15:07:57.836326 - Found $INSTALL.jcl (text/plain) in CBT.V508.FILE012.PDS, moved to PDS/$INSTALL
2025-04-09 15:07:57.837009 - Found $LOAD.jcl (text/plain) in CBT.V508.FILE012.PDS, moved to PDS/$LOAD
2025-04-09 15:07:57.837705 - Found @FILE012.txt (text/plain) in CBT.V508.FILE012.PDS, moved to PDS/@FILE012
2025-04-09 15:07:57.838342 - Found ENTER.txt (text/plain) in CBT.V508.FILE012.PDS, moved to PDS/ENTER
2025-04-09 15:07:57.839028 - Found ISPCALL.txt (text/plain) in CBT.V508.FILE012.PDS, moved to PDS/ISPCALL
2025-04-09 15:07:57.839655 - Found ISR@PRIM.txt (text/plain) in CBT.V508.FILE012.PDS, moved to PDS/ISR@PRIM
2025-04-09 15:07:57.840243 - Found ISRALTK.txt (text/plain) in CBT.V508.FILE012.PDS, moved to PDS/ISRALTK
2025-04-09 15:07:57.840828 - Found ISRUOLJH.txt (text/plain) in CBT.V508.FILE012.PDS, moved to PDS/ISRUOLJH
2025-04-09 15:07:57.841479 - Found JH#EDTMP.txt (text/plain) in CBT.V508.FILE012.PDS, moved to PDS/JH#EDTMP
2025-04-09 15:07:57.842090 - Found JH#GTDSN.txt (text/plain) in CBT.V508.FILE012.PDS, moved to PDS/JH#GTDSN
2025-04-09 15:07:57.842692 - Found JH#PDF8.txt (text/plain) in CBT.V508.FILE012.PDS, moved to PDS/JH#PDF8
2025-04-09 15:07:57.843305 - Found JH#TEDPR.txt (text/plain) in CBT.V508.FILE012.PDS, moved to PDS/JH#TEDPR
2025-04-09 15:07:57.843960 - Found JH#TEDRT.txt (text/plain) in CBT.V508.FILE012.PDS, moved to PDS/JH#TEDRT
2025-04-09 15:07:57.844575 - Found JH#TPRGM.txt (text/plain) in CBT.V508.FILE012.PDS, moved to PDS/JH#TPRGM
2025-04-09 15:07:57.845197 - Found JH#YCTBL.txt (text/plain) in CBT.V508.FILE012.PDS, moved to PDS/JH#YCTBL
2025-04-09 15:07:57.845816 - Found JH#YDTBL.x-Algol68 (text/x-Algol68) in CBT.V508.FILE012.PDS, moved to PDS/JH#YDTBL
2025-04-09 15:07:57.846474 - Found JH#YPUP.txt (text/plain) in CBT.V508.FILE012.PDS, moved to PDS/JH#YPUP
2025-04-09 15:07:57.847132 - Found JH#YPUPG.txt (text/plain) in CBT.V508.FILE012.PDS, moved to PDS/JH#YPUPG
2025-04-09 15:07:57.847714 - Found JHA@M00.txt (text/plain) in CBT.V508.FILE012.PDS, moved to PDS/JHA@M00
2025-04-09 15:07:57.848262 - Found JHA@M01.txt (text/plain) in CBT.V508.FILE012.PDS, moved to PDS/JHA@M01
2025-04-09 15:07:57.848811 - Found JHA@M02.txt (text/plain) in CBT.V508.FILE012.PDS, moved to PDS/JHA@M02
2025-04-09 15:07:57.849447 - Found JHA@M03.txt (text/plain) in CBT.V508.FILE012.PDS, moved to PDS/JHA@M03
2025-04-09 15:07:57.850093 - Found JHA@M04.txt (text/plain) in CBT.V508.FILE012.PDS, moved to PDS/JHA@M04
2025-04-09 15:07:57.850718 - Found JHABH@0.txt (text/plain) in CBT.V508.FILE012.PDS, moved to PDS/JHABH@0
2025-04-09 15:07:57.851356 - Found JHABH@1.txt (text/plain) in CBT.V508.FILE012.PDS, moved to PDS/JHABH@1
2025-04-09 15:07:57.851986 - Found JHABH@2.txt (text/plain) in CBT.V508.FILE012.PDS, moved to PDS/JHABH@2
2025-04-09 15:07:57.852526 - Found JHABH@3.txt (text/plain) in CBT.V508.FILE012.PDS, moved to PDS/JHABH@3
2025-04-09 15:07:57.853076 - Found JHABH01.txt (text/plain) in CBT.V508.FILE012.PDS, moved to PDS/JHABH01
2025-04-09 15:07:57.853690 - Found JHABH02.txt (text/plain) in CBT.V508.FILE012.PDS, moved to PDS/JHABH02
2025-04-09 15:07:57.854349 - Found JHABH03.txt (text/plain) in CBT.V508.FILE012.PDS, moved to PDS/JHABH03
2025-04-09 15:07:57.854980 - Found JHABH03A.txt (text/plain) in CBT.V508.FILE012.PDS, moved to PDS/JHABH03A
2025-04-09 15:07:57.855628 - Found JHABH03B.txt (text/plain) in CBT.V508.FILE012.PDS, moved to PDS/JHABH03B
2025-04-09 15:07:57.856239 - Found JHABH05.txt (text/plain) in CBT.V508.FILE012.PDS, moved to PDS/JHABH05
2025-04-09 15:07:57.856855 - Found JHABH07.txt (text/plain) in CBT.V508.FILE012.PDS, moved to PDS/JHABH07
2025-04-09 15:07:57.857458 - Found JHABH07A.txt (text/plain) in CBT.V508.FILE012.PDS, moved to PDS/JHABH07A
2025-04-09 15:07:57.858029 - Found JHABH09.txt (text/plain) in CBT.V508.FILE012.PDS, moved to PDS/JHABH09
2025-04-09 15:07:57.858696 - Found JHABH09A.txt (text/plain) in CBT.V508.FILE012.PDS, moved to PDS/JHABH09A
2025-04-09 15:07:57.859316 - Found JHABH10.txt (text/plain) in CBT.V508.FILE012.PDS, moved to PDS/JHABH10
2025-04-09 15:07:57.860005 - Found JHABM00.txt (text/plain) in CBT.V508.FILE012.PDS, moved to PDS/JHABM00
2025-04-09 15:07:57.860619 - Found JHABM01.txt (text/plain) in CBT.V508.FILE012.PDS, moved to PDS/JHABM01
2025-04-09 15:07:57.861203 - Found JHABM02.txt (text/plain) in CBT.V508.FILE012.PDS, moved to PDS/JHABM02
2025-04-09 15:07:57.861800 - Found JHABM03.txt (text/plain) in CBT.V508.FILE012.PDS, moved to PDS/JHABM03
2025-04-09 15:07:57.862474 - Found JHABM05.txt (text/plain) in CBT.V508.FILE012.PDS, moved to PDS/JHABM05
2025-04-09 15:07:57.863050 - Found JHABM07.txt (text/plain) in CBT.V508.FILE012.PDS, moved to PDS/JHABM07
2025-04-09 15:07:57.863649 - Found JHABM09.txt (text/plain) in CBT.V508.FILE012.PDS, moved to PDS/JHABM09
2025-04-09 15:07:57.864224 - Found JHABM10.txt (text/plain) in CBT.V508.FILE012.PDS, moved to PDS/JHABM10
2025-04-09 15:07:57.864835 - Found JHABM14.txt (text/plain) in CBT.V508.FILE012.PDS, moved to PDS/JHABM14
2025-04-09 15:07:57.865437 - Found JHABM18.txt (text/plain) in CBT.V508.FILE012.PDS, moved to PDS/JHABM18
2025-04-09 15:07:57.866051 - Found JHABM19.txt (text/plain) in CBT.V508.FILE012.PDS, moved to PDS/JHABM19
2025-04-09 15:07:57.866703 - Found JHABP@A.txt (text/plain) in CBT.V508.FILE012.PDS, moved to PDS/JHABP@A
2025-04-09 15:07:57.867282 - Found JHABP@B.txt (text/plain) in CBT.V508.FILE012.PDS, moved to PDS/JHABP@B
2025-04-09 15:07:57.880072 - Found JHABP0A.txt (text/plain) in CBT.V508.FILE012.PDS, moved to PDS/JHABP0A
2025-04-09 15:07:57.880755 - Found JHABP0G.txt (text/plain) in CBT.V508.FILE012.PDS, moved to PDS/JHABP0G
2025-04-09 15:07:57.881367 - Found JHABP0Z.txt (text/plain) in CBT.V508.FILE012.PDS, moved to PDS/JHABP0Z
2025-04-09 15:07:57.882013 - Found JHABP01.txt (text/plain) in CBT.V508.FILE012.PDS, moved to PDS/JHABP01
2025-04-09 15:07:57.882683 - Found JHABP02.txt (text/plain) in CBT.V508.FILE012.PDS, moved to PDS/JHABP02
2025-04-09 15:07:57.883300 - Found JHABP03.txt (text/plain) in CBT.V508.FILE012.PDS, moved to PDS/JHABP03
2025-04-09 15:07:57.883914 - Found JHABP05.txt (text/plain) in CBT.V508.FILE012.PDS, moved to PDS/JHABP05
2025-04-09 15:07:57.884542 - Found JHABP07.txt (text/plain) in CBT.V508.FILE012.PDS, moved to PDS/JHABP07
2025-04-09 15:07:57.885185 - Found JHABP09.txt (text/plain) in CBT.V508.FILE012.PDS, moved to PDS/JHABP09
2025-04-09 15:07:57.885803 - Found JHABP10.txt (text/plain) in CBT.V508.FILE012.PDS, moved to PDS/JHABP10
2025-04-09 15:07:57.886353 - Found JHABP14.txt (text/plain) in CBT.V508.FILE012.PDS, moved to PDS/JHABP14
2025-04-09 15:07:57.886906 - Found JHABP18.txt (text/plain) in CBT.V508.FILE012.PDS, moved to PDS/JHABP18
2025-04-09 15:07:57.887453 - Found JHABP19.txt (text/plain) in CBT.V508.FILE012.PDS, moved to PDS/JHABP19
2025-04-09 15:07:57.888086 - Found JHABP19V.txt (text/plain) in CBT.V508.FILE012.PDS, moved to PDS/JHABP19V
2025-04-09 15:07:57.888668 - Found JHABROB.txt (text/plain) in CBT.V508.FILE012.PDS, moved to PDS/JHABROB
2025-04-09 15:07:57.889237 - Found JHABS@C.txt (text/plain) in CBT.V508.FILE012.PDS, moved to PDS/JHABS@C
2025-04-09 15:07:57.889903 - Found JHABS@I.txt (text/plain) in CBT.V508.FILE012.PDS, moved to PDS/JHABS@I
2025-04-09 15:07:57.890570 - Found JHABS0A.txt (text/plain) in CBT.V508.FILE012.PDS, moved to PDS/JHABS0A
2025-04-09 15:07:57.891148 - Found JHABS0G.txt (text/plain) in CBT.V508.FILE012.PDS, moved to PDS/JHABS0G
2025-04-09 15:07:57.891701 - Found JHABS0Z.txt (text/plain) in CBT.V508.FILE012.PDS, moved to PDS/JHABS0Z
2025-04-09 15:07:57.892241 - Found JHABS01.txt (text/plain) in CBT.V508.FILE012.PDS, moved to PDS/JHABS01
2025-04-09 15:07:57.892905 - Found JHABS02.txt (text/plain) in CBT.V508.FILE012.PDS, moved to PDS/JHABS02
2025-04-09 15:07:57.893521 - Found JHABS03.txt (text/plain) in CBT.V508.FILE012.PDS, moved to PDS/JHABS03
2025-04-09 15:07:57.894117 - Found JHABS05.txt (text/plain) in CBT.V508.FILE012.PDS, moved to PDS/JHABS05
2025-04-09 15:07:57.894745 - Found JHABS07.txt (text/plain) in CBT.V508.FILE012.PDS, moved to PDS/JHABS07
2025-04-09 15:07:57.895406 - Found JHABS09.txt (text/plain) in CBT.V508.FILE012.PDS, moved to PDS/JHABS09
2025-04-09 15:07:57.896031 - Found JHABS10.txt (text/plain) in CBT.V508.FILE012.PDS, moved to PDS/JHABS10
2025-04-09 15:07:57.896662 - Found JHABS14.txt (text/plain) in CBT.V508.FILE012.PDS, moved to PDS/JHABS14
2025-04-09 15:07:57.897226 - Found JHABS18.txt (text/plain) in CBT.V508.FILE012.PDS, moved to PDS/JHABS18
2025-04-09 15:07:57.897845 - Found JHABS19.txt (text/plain) in CBT.V508.FILE012.PDS, moved to PDS/JHABS19
2025-04-09 15:07:57.898403 - Found JHAEFR01.txt (text/plain) in CBT.V508.FILE012.PDS, moved to PDS/JHAEFR01
2025-04-09 15:07:57.898965 - Found JHAYM11.txt (text/plain) in CBT.V508.FILE012.PDS, moved to PDS/JHAYM11
2025-04-09 15:07:57.899581 - Found JHAYM12.txt (text/plain) in CBT.V508.FILE012.PDS, moved to PDS/JHAYM12
2025-04-09 15:07:57.900251 - Found JHAYM14.txt (text/plain) in CBT.V508.FILE012.PDS, moved to PDS/JHAYM14
2025-04-09 15:07:57.900924 - Found JHAYP110.txt (text/plain) in CBT.V508.FILE012.PDS, moved to PDS/JHAYP110
2025-04-09 15:07:57.901568 - Found JHAYP111.txt (text/plain) in CBT.V508.FILE012.PDS, moved to PDS/JHAYP111
2025-04-09 15:07:57.902239 - Found JHAYP112.txt (text/plain) in CBT.V508.FILE012.PDS, moved to PDS/JHAYP112
2025-04-09 15:07:57.902903 - Found JHAYP113.txt (text/plain) in CBT.V508.FILE012.PDS, moved to PDS/JHAYP113
2025-04-09 15:07:57.903535 - Found JHAYP12.txt (text/plain) in CBT.V508.FILE012.PDS, moved to PDS/JHAYP12
2025-04-09 15:07:57.904111 - Found JHAYP12B.txt (text/plain) in CBT.V508.FILE012.PDS, moved to PDS/JHAYP12B
2025-04-09 15:07:57.904776 - Found JHAYP14@.txt (text/plain) in CBT.V508.FILE012.PDS, moved to PDS/JHAYP14@
2025-04-09 15:07:57.905381 - Found JHAYP141.txt (text/plain) in CBT.V508.FILE012.PDS, moved to PDS/JHAYP141
2025-04-09 15:07:57.905990 - Found JHAYP142.txt (text/plain) in CBT.V508.FILE012.PDS, moved to PDS/JHAYP142
2025-04-09 15:07:57.906603 - Found JHTEM01.txt (text/plain) in CBT.V508.FILE012.PDS, moved to PDS/JHTEM01
2025-04-09 15:07:57.907183 - Found JHTEPE01.txt (text/plain) in CBT.V508.FILE012.PDS, moved to PDS/JHTEPE01
2025-04-09 15:07:57.907845 - Found JHTEPE31.txt (text/plain) in CBT.V508.FILE012.PDS, moved to PDS/JHTEPE31
2025-04-09 15:07:57.908469 - Found JHTEPE32.txt (text/plain) in CBT.V508.FILE012.PDS, moved to PDS/JHTEPE32
2025-04-09 15:07:57.909029 - Found JHTEPE41.txt (text/plain) in CBT.V508.FILE012.PDS, moved to PDS/JHTEPE41
2025-04-09 15:07:57.909631 - Found JHTEPE42.txt (text/plain) in CBT.V508.FILE012.PDS, moved to PDS/JHTEPE42
2025-04-09 15:07:57.910297 - Found JHTEP0M.txt (text/plain) in CBT.V508.FILE012.PDS, moved to PDS/JHTEP0M
2025-04-09 15:07:57.910950 - Found JHTEP0M2.txt (text/plain) in CBT.V508.FILE012.PDS, moved to PDS/JHTEP0M2
2025-04-09 15:07:57.911560 - Found JHTES0M.txt (text/plain) in CBT.V508.FILE012.PDS, moved to PDS/JHTES0M
2025-04-09 15:07:57.912149 - Found LEAVE.txt (text/plain) in CBT.V508.FILE012.PDS, moved to PDS/LEAVE
2025-04-09 15:07:57.912774 - Found PANELID.txt (text/plain) in CBT.V508.FILE012.PDS, moved to PDS/PANELID
2025-04-09 15:07:57.913413 - Found REQUS.txt (text/plain) in CBT.V508.FILE012.PDS, moved to PDS/REQUS
2025-04-09 15:07:57.913980 - Found SCANLINE.txt (text/plain) in CBT.V508.FILE012.PDS, moved to PDS/SCANLINE
2025-04-09 15:07:57.914584 - Found TSCMDTB.txt (text/plain) in CBT.V508.FILE012.PDS, moved to PDS/TSCMDTB
2025-04-09 15:07:57.915197 - Found XALTK.txt (text/plain) in CBT.V508.FILE012.PDS, moved to PDS/XALTK
2025-04-09 15:07:57.915818 - Found ZALTKA.txt (text/plain) in CBT.V508.FILE012.PDS, moved to PDS/ZALTKA
2025-04-09 15:07:57.916468 - Found ZALTKB.txt (text/plain) in CBT.V508.FILE012.PDS, moved to PDS/ZALTKB
2025-04-09 15:07:57.917101 - Found ZALTKC.txt (text/plain) in CBT.V508.FILE012.PDS, moved to PDS/ZALTKC
2025-04-09 15:07:57.917856 - Found ZCMDTBL.txt (text/plain) in CBT.V508.FILE012.PDS, moved to PDS/ZCMDTBL
